[debug] [2020-08-04T11:41:20.855Z] ----------------------------------------------------------------------
[debug] [2020-08-04T11:41:20.859Z] Command:       C:\Program Files\nodejs\node.exe C:\Users\Shawky\AppData\Roaming\npm\node_modules\firebase-tools\lib\bin\firebase.js init
[debug] [2020-08-04T11:41:20.860Z] CLI Version:   8.6.0
[debug] [2020-08-04T11:41:20.860Z] Platform:      win32
[debug] [2020-08-04T11:41:20.860Z] Node Version:  v11.9.0
[debug] [2020-08-04T11:41:20.862Z] Time:          Tue Aug 04 2020 13:41:20 GMT+0200 (Eastern European Standard Time)
[debug] [2020-08-04T11:41:20.862Z] ----------------------------------------------------------------------
[debug] [2020-08-04T11:41:20.862Z] 
[debug] [2020-08-04T11:41:20.872Z] > command requires scopes: ["email","openid","https://www.googleapis.com/auth/cloudplatformprojects.readonly","https://www.googleapis.com/auth/firebase","https://www.googleapis.com/auth/cloud-platform"]
[debug] [2020-08-04T11:41:20.872Z] > authorizing via signed-in user
[info] 
     ######## #### ########  ######## ########     ###     ######  ########
     ##        ##  ##     ## ##       ##     ##  ##   ##  ##       ##
     ######    ##  ########  ######   ########  #########  ######  ######
     ##        ##  ##    ##  ##       ##     ## ##     ##       ## ##
     ##       #### ##     ## ######## ########  ##     ##  ######  ########

You're about to initialize a Firebase project in this directory:

  I:\shawky\ProjectsReactNode\BurgerBuilder App\PropertyApplicants\PropertyApplicants

[debug] [2020-08-04T11:43:13.318Z] ----------------------------------------------------------------------
[debug] [2020-08-04T11:43:13.322Z] Command:       C:\Program Files\nodejs\node.exe C:\Users\Shawky\AppData\Roaming\npm\node_modules\firebase-tools\lib\bin\firebase.js init
[debug] [2020-08-04T11:43:13.323Z] CLI Version:   8.6.0
[debug] [2020-08-04T11:43:13.323Z] Platform:      win32
[debug] [2020-08-04T11:43:13.323Z] Node Version:  v11.9.0
[debug] [2020-08-04T11:43:13.325Z] Time:          Tue Aug 04 2020 13:43:13 GMT+0200 (Eastern European Standard Time)
[debug] [2020-08-04T11:43:13.325Z] ----------------------------------------------------------------------
[debug] [2020-08-04T11:43:13.325Z] 
[debug] [2020-08-04T11:43:13.336Z] > command requires scopes: ["email","openid","https://www.googleapis.com/auth/cloudplatformprojects.readonly","https://www.googleapis.com/auth/firebase","https://www.googleapis.com/auth/cloud-platform"]
[debug] [2020-08-04T11:43:13.336Z] > authorizing via signed-in user
[info] 
     ######## #### ########  ######## ########     ###     ######  ########
     ##        ##  ##     ## ##       ##     ##  ##   ##  ##       ##
     ######    ##  ########  ######   ########  #########  ######  ######
     ##        ##  ##    ##  ##       ##     ## ##     ##       ## ##
     ##       #### ##     ## ######## ########  ##     ##  ######  ########

You're about to initialize a Firebase project in this directory:

  I:\shawky\ProjectsReactNode\BurgerBuilder App\PropertyApplicants\PropertyApplicants

[debug] [2020-08-04T11:44:08.218Z] ----------------------------------------------------------------------
[debug] [2020-08-04T11:44:08.222Z] Command:       C:\Program Files\nodejs\node.exe C:\Users\Shawky\AppData\Roaming\npm\node_modules\firebase-tools\lib\bin\firebase.js init
[debug] [2020-08-04T11:44:08.222Z] CLI Version:   8.6.0
[debug] [2020-08-04T11:44:08.223Z] Platform:      win32
[debug] [2020-08-04T11:44:08.223Z] Node Version:  v11.9.0
[debug] [2020-08-04T11:44:08.224Z] Time:          Tue Aug 04 2020 13:44:08 GMT+0200 (Eastern European Standard Time)
[debug] [2020-08-04T11:44:08.224Z] ----------------------------------------------------------------------
[debug] [2020-08-04T11:44:08.224Z] 
[debug] [2020-08-04T11:44:08.234Z] > command requires scopes: ["email","openid","https://www.googleapis.com/auth/cloudplatformprojects.readonly","https://www.googleapis.com/auth/firebase","https://www.googleapis.com/auth/cloud-platform"]
[debug] [2020-08-04T11:44:08.235Z] > authorizing via signed-in user
[info] 
     ######## #### ########  ######## ########     ###     ######  ########
     ##        ##  ##     ## ##       ##     ##  ##   ##  ##       ##
     ######    ##  ########  ######   ########  #########  ######  ######
     ##        ##  ##    ##  ##       ##     ## ##     ##       ## ##
     ##       #### ##     ## ######## ########  ##     ##  ######  ########

You're about to initialize a Firebase project in this directory:

  I:\shawky\ProjectsReactNode\BurgerBuilder App\PropertyApplicants\PropertyApplicants

